2026-07-15 16:57:50 - INFO - Epoch 1 finished. Avg Loss: 0.2098
2026-07-15 16:59:25 - INFO - Epoch 2 finished. Avg Loss: 0.1158
2026-07-15 17:01:00 - INFO - Epoch 3 finished. Avg Loss: 0.1001
2026-07-15 17:02:39 - INFO - Epoch 4 finished. Avg Loss: 0.0930
2026-07-15 17:04:16 - INFO - Epoch 5 finished. Avg Loss: 0.0887
2026-07-15 17:05:51 - INFO - Epoch 6 finished. Avg Loss: 0.0849
2026-07-15 17:07:27 - INFO - Epoch 7 finished. Avg Loss: 0.0810
2026-07-15 17:09:03 - INFO - Epoch 8 finished. Avg Loss: 0.0799
2026-07-15 17:10:38 - INFO - Epoch 9 finished. Avg Loss: 0.0764
2026-07-15 17:12:12 - INFO - Epoch 10 finished. Avg Loss: 0.0753
2026-07-15 17:12:16 - INFO - Test Loss: 0.0939
2026-07-15 17:12:16 - INFO - Test Accuracy: 94.27%
2026-07-15 17:12:16 - INFO - Successfully appended execution results to results.csv
2026-07-15 17:13:41 - INFO - Network Architecture:
 SimpleNN(
  (fc1): Linear(in_features=784, out_features=18, bias=True)
  (relu): ReLU()
  (fc2): Linear(in_features=18, out_features=18, bias=True)
  (relu2): Sigmoid()
  (fc3): Linear(in_features=18, out_features=10, bias=True)
  (sigmoid): Sigmoid()
)
2026-07-15 17:15:27 - INFO - Epoch 1 finished. Avg Loss: 0.2008
2026-07-15 17:17:50 - INFO - Epoch 2 finished. Avg Loss: 0.1112
2026-07-15 17:19:57 - INFO - Epoch 3 finished. Avg Loss: 0.0986
2026-07-15 17:21:55 - INFO - Epoch 4 finished. Avg Loss: 0.0924
2026-07-15 17:23:58 - INFO - Epoch 5 finished. Avg Loss: 0.0876
2026-07-15 17:26:05 - INFO - Epoch 6 finished. Avg Loss: 0.0855
2026-07-15 17:28:04 - INFO - Epoch 7 finished. Avg Loss: 0.0833
2026-07-15 17:29:56 - INFO - Epoch 8 finished. Avg Loss: 0.0802
2026-07-15 17:31:47 - INFO - Epoch 9 finished. Avg Loss: 0.0792
2026-07-15 17:33:42 - INFO - Epoch 10 finished. Avg Loss: 0.0770
2026-07-15 17:33:47 - INFO - Test Loss: 0.0904
2026-07-15 17:33:47 - INFO - Test Accuracy: 94.48%
2026-07-15 17:33:47 - INFO - Successfully appended execution results to results.csv
2026-07-15 17:51:30 - INFO - Network Architecture:
 SimpleNN(
  (fc1): Linear(in_features=784, out_features=18, bias=True)
  (relu): ReLU()
  (fc2): Linear(in_features=18, out_features=18, bias=True)
  (relu2): Sigmoid()
  (fc3): Linear(in_features=18, out_features=10, bias=True)
  (sigmoid): Sigmoid()
)
2026-07-15 17:53:20 - INFO - Epoch 1 finished. Avg Loss: 1.7746
2026-07-15 17:53:20 - INFO - Epoch 1 finished. Avg Loss: 1.7746
2026-07-15 17:55:14 - INFO - Epoch 2 finished. Avg Loss: 1.8027
2026-07-15 17:55:14 - INFO - Epoch 2 finished. Avg Loss: 1.8027
2026-07-15 17:55:14 - INFO - --> Loss plateaued. Patience: 1/5
2026-07-15 17:57:06 - INFO - Epoch 3 finished. Avg Loss: 1.8027
2026-07-15 17:57:06 - INFO - Epoch 3 finished. Avg Loss: 1.8027
2026-07-15 17:57:06 - INFO - --> Loss plateaued. Patience: 2/5
2026-07-15 17:58:59 - INFO - Epoch 4 finished. Avg Loss: 1.8027
2026-07-15 17:58:59 - INFO - Epoch 4 finished. Avg Loss: 1.8027
2026-07-15 17:58:59 - INFO - --> Loss plateaued. Patience: 3/5
2026-07-15 18:00:44 - INFO - Epoch 5 finished. Avg Loss: 1.8027
2026-07-15 18:00:44 - INFO - Epoch 5 finished. Avg Loss: 1.8027
2026-07-15 18:00:44 - INFO - --> Loss plateaued. Patience: 4/5
2026-07-15 18:02:25 - INFO - Epoch 6 finished. Avg Loss: 1.8027
2026-07-15 18:02:25 - INFO - Epoch 6 finished. Avg Loss: 1.8027
2026-07-15 18:02:25 - INFO - --> Loss plateaued. Patience: 5/5
2026-07-15 18:02:25 - INFO - Stopping early at epoch 6! Loss hasn't improved in 5 epochs.
2026-07-15 18:02:28 - INFO - Test Loss: 1.8084
2026-07-15 18:02:28 - INFO - Test Accuracy: 9.58%
2026-07-15 18:02:28 - INFO - Successfully appended execution results to results.csv
2026-07-15 21:24:32 - INFO - Network Architecture:
 SimpleNN(
  (fc1): Linear(in_features=784, out_features=18, bias=True)
  (relu): ReLU()
  (fc2): Linear(in_features=18, out_features=18, bias=True)
  (sigmoid): Sigmoid()
)
2026-07-15 21:25:08 - INFO - Network Architecture:
 SimpleNN(
  (fc1): Linear(in_features=784, out_features=18, bias=True)
  (relu): ReLU()
  (fc2): Linear(in_features=18, out_features=10, bias=True)
  (sigmoid): Sigmoid()
)
2026-07-15 21:26:49 - INFO - Epoch 1 finished. Avg Loss: 1.6797
2026-07-15 21:28:37 - INFO - Epoch 2 finished. Avg Loss: 2.5770
2026-07-15 21:28:37 - INFO - --> Loss plateaued. Patience: 1/5
2026-07-15 21:30:27 - INFO - Epoch 3 finished. Avg Loss: 2.5770
2026-07-15 21:30:27 - INFO - --> Loss plateaued. Patience: 2/5
2026-07-15 21:32:11 - INFO - Epoch 4 finished. Avg Loss: 2.5770
2026-07-15 21:32:11 - INFO - --> Loss plateaued. Patience: 3/5
2026-07-15 21:33:26 - INFO - Network Architecture:
 SimpleNN(
  (fc1): Linear(in_features=784, out_features=8, bias=True)
  (relu): ReLU()
  (fc2): Linear(in_features=8, out_features=10, bias=True)
  (sigmoid): Sigmoid()
)
2026-07-15 21:34:53 - INFO - Epoch 1 finished. Avg Loss: 0.9205
2026-07-15 21:36:10 - INFO - Epoch 2 finished. Avg Loss: 0.9122
2026-07-15 21:37:28 - INFO - Epoch 3 finished. Avg Loss: 0.9119
2026-07-15 21:37:28 - INFO - --> Loss plateaued. Patience: 1/5
2026-07-15 21:38:48 - INFO - Epoch 4 finished. Avg Loss: 0.9121
2026-07-15 21:38:48 - INFO - --> Loss plateaued. Patience: 2/5
2026-07-15 21:40:09 - INFO - Epoch 5 finished. Avg Loss: 0.9121
2026-07-15 21:40:09 - INFO - --> Loss plateaued. Patience: 3/5
2026-07-15 21:41:29 - INFO - Epoch 6 finished. Avg Loss: 0.9123
2026-07-15 21:41:29 - INFO - --> Loss plateaued. Patience: 4/5
2026-07-15 21:41:57 - INFO - Network Architecture:
 SimpleNN(
  (fc1): Linear(in_features=784, out_features=8, bias=True)
  (relu): ReLU()
  (fc2): Linear(in_features=8, out_features=10, bias=True)
  (sigmoid): Sigmoid()
)
2026-07-15 21:43:33 - INFO - Epoch 1 finished. Avg Loss: 0.3456
2026-07-15 21:45:17 - INFO - Epoch 2 finished. Avg Loss: 0.2228
2026-07-15 21:46:57 - INFO - Network Architecture:
 SimpleNN(
  (fc1): Linear(in_features=784, out_features=18, bias=True)
  (relu): ReLU()
  (fc2): Linear(in_features=18, out_features=10, bias=True)
  (sigmoid): Sigmoid()
)
2026-07-15 21:48:28 - INFO - Epoch 1 finished. Avg Loss: 0.1628
2026-07-15 21:50:02 - INFO - Epoch 2 finished. Avg Loss: 0.1128
2026-07-15 21:51:55 - INFO - Epoch 3 finished. Avg Loss: 0.1010
2026-07-15 21:53:55 - INFO - Epoch 4 finished. Avg Loss: 0.0948
2026-07-15 21:56:11 - INFO - Epoch 5 finished. Avg Loss: 0.0900
2026-07-15 21:57:56 - INFO - Epoch 6 finished. Avg Loss: 0.0869
2026-07-15 21:59:43 - INFO - Epoch 7 finished. Avg Loss: 0.0851
2026-07-15 22:01:23 - INFO - Epoch 8 finished. Avg Loss: 0.0829
2026-07-15 22:03:06 - INFO - Epoch 9 finished. Avg Loss: 0.0816
2026-07-15 22:04:44 - INFO - Epoch 10 finished. Avg Loss: 0.0797
2026-07-15 22:06:09 - INFO - Epoch 11 finished. Avg Loss: 0.0787
2026-07-15 22:06:09 - INFO - --> Loss plateaued. Patience: 1/5
2026-07-15 22:07:45 - INFO - Epoch 12 finished. Avg Loss: 0.0779
2026-07-15 22:07:57 - INFO - Network Architecture:
 SimpleNN(
  (fc1): Linear(in_features=784, out_features=18, bias=True)
  (relu): ReLU()
  (fc2): Linear(in_features=18, out_features=10, bias=True)
  (sigmoid): Sigmoid()
)
2026-07-15 22:09:16 - INFO - Epoch 13 finished. Avg Loss: 0.0764
2026-07-15 22:10:41 - INFO - Epoch 14 finished. Avg Loss: 0.0754
2026-07-15 22:12:06 - INFO - Epoch 15 finished. Avg Loss: 0.0754
2026-07-15 22:12:06 - INFO - --> Loss plateaued. Patience: 1/5
2026-07-15 22:13:30 - INFO - Epoch 16 finished. Avg Loss: 0.0742
2026-07-15 22:14:56 - INFO - Epoch 17 finished. Avg Loss: 0.0741
2026-07-15 22:14:56 - INFO - --> Loss plateaued. Patience: 1/5
2026-07-15 22:16:30 - INFO - Epoch 18 finished. Avg Loss: 0.0733
2026-07-15 22:16:30 - INFO - --> Loss plateaued. Patience: 2/5
2026-07-15 22:17:55 - INFO - Epoch 19 finished. Avg Loss: 0.0731
2026-07-15 22:19:20 - INFO - Epoch 20 finished. Avg Loss: 0.0727
2026-07-15 22:19:20 - INFO - --> Loss plateaued. Patience: 1/5
2026-07-15 22:20:44 - INFO - Epoch 21 finished. Avg Loss: 0.0711
2026-07-15 22:22:10 - INFO - Epoch 22 finished. Avg Loss: 0.0702
2026-07-15 22:22:10 - INFO - --> Loss plateaued. Patience: 1/5
2026-07-15 22:23:36 - INFO - Epoch 23 finished. Avg Loss: 0.0700
2026-07-15 22:25:07 - INFO - Epoch 24 finished. Avg Loss: 0.0707
2026-07-15 22:25:07 - INFO - --> Loss plateaued. Patience: 1/5
2026-07-15 22:26:32 - INFO - Epoch 25 finished. Avg Loss: 0.0695
2026-07-15 22:26:32 - INFO - --> Loss plateaued. Patience: 2/5
2026-07-15 22:27:56 - INFO - Epoch 26 finished. Avg Loss: 0.0686
2026-07-15 22:29:22 - INFO - Epoch 27 finished. Avg Loss: 0.0693
2026-07-15 22:29:22 - INFO - --> Loss plateaued. Patience: 1/5
2026-07-15 22:30:45 - INFO - Epoch 28 finished. Avg Loss: 0.0687
2026-07-15 22:30:45 - INFO - --> Loss plateaued. Patience: 2/5
2026-07-15 22:32:08 - INFO - Epoch 29 finished. Avg Loss: 0.0687
2026-07-15 22:32:08 - INFO - --> Loss plateaued. Patience: 3/5
2026-07-15 22:33:31 - INFO - Epoch 30 finished. Avg Loss: 0.0675
2026-07-15 22:34:55 - INFO - Epoch 31 finished. Avg Loss: 0.0676
2026-07-15 22:34:55 - INFO - --> Loss plateaued. Patience: 1/5
2026-07-15 22:36:17 - INFO - Epoch 32 finished. Avg Loss: 0.0682
2026-07-15 22:36:17 - INFO - --> Loss plateaued. Patience: 2/5
2026-07-15 22:37:40 - INFO - Epoch 33 finished. Avg Loss: 0.0671
2026-07-15 22:37:40 - INFO - --> Loss plateaued. Patience: 3/5
2026-07-15 22:39:03 - INFO - Epoch 34 finished. Avg Loss: 0.0674
2026-07-15 22:39:03 - INFO - --> Loss plateaued. Patience: 4/5
2026-07-15 22:40:25 - INFO - Epoch 35 finished. Avg Loss: 0.0670
2026-07-15 22:40:25 - INFO - --> Loss plateaued. Patience: 5/5
2026-07-15 22:40:25 - INFO - Stopping early at epoch 35! Loss hasn't improved in 5 epochs.
2026-07-15 22:40:29 - INFO - Test Loss: 0.0933
2026-07-15 22:40:29 - INFO - Test Accuracy: 95.22%
2026-07-15 22:40:29 - INFO - Successfully appended execution results to results.csv
2026-07-16 08:11:26 - INFO - Network Architecture:
 SimpleNN(
  (fc1): Linear(in_features=784, out_features=18, bias=True)
  (relu): ReLU()
  (fc2): Linear(in_features=18, out_features=10, bias=True)
  (relu2): Sigmoid()
  (fc3): Linear(in_features=18, out_features=10, bias=True)
  (sigmoid): Sigmoid()
)
2026-07-16 08:11:44 - INFO - Network Architecture:
 SimpleNN(
  (fc1): Linear(in_features=784, out_features=18, bias=True)
  (relu): ReLU()
  (fc2): Linear(in_features=18, out_features=18, bias=True)
  (relu2): Sigmoid()
  (fc3): Linear(in_features=18, out_features=10, bias=True)
  (sigmoid): Sigmoid()
)
2026-07-16 08:13:08 - INFO - Epoch 1 finished. Avg Loss: 0.2211
2026-07-16 08:14:37 - INFO - Epoch 2 finished. Avg Loss: 0.1073
2026-07-16 08:16:06 - INFO - Epoch 3 finished. Avg Loss: 0.0938
2026-07-16 08:17:37 - INFO - Epoch 4 finished. Avg Loss: 0.0871
2026-07-16 08:19:06 - INFO - Epoch 5 finished. Avg Loss: 0.0811
2026-07-16 08:20:34 - INFO - Epoch 6 finished. Avg Loss: 0.0792
2026-07-16 08:22:02 - INFO - Epoch 7 finished. Avg Loss: 0.0764
2026-07-16 08:23:31 - INFO - Epoch 8 finished. Avg Loss: 0.0749
2026-07-16 08:24:59 - INFO - Epoch 9 finished. Avg Loss: 0.0742
2026-07-16 08:24:59 - INFO - --> Loss plateaued. Patience: 1/5
2026-07-16 08:26:28 - INFO - Epoch 10 finished. Avg Loss: 0.0714
2026-07-16 08:27:58 - INFO - Epoch 11 finished. Avg Loss: 0.0705
2026-07-16 08:27:58 - INFO - --> Loss plateaued. Patience: 1/5
2026-07-16 08:29:27 - INFO - Epoch 12 finished. Avg Loss: 0.0700
2026-07-16 08:30:56 - INFO - Epoch 13 finished. Avg Loss: 0.0676
2026-07-16 08:32:25 - INFO - Epoch 14 finished. Avg Loss: 0.0679
2026-07-16 08:32:25 - INFO - --> Loss plateaued. Patience: 1/5
2026-07-16 08:33:55 - INFO - Epoch 15 finished. Avg Loss: 0.0665
2026-07-16 08:35:24 - INFO - Epoch 16 finished. Avg Loss: 0.0655
2026-07-16 08:36:54 - INFO - Epoch 17 finished. Avg Loss: 0.0649
2026-07-16 08:36:54 - INFO - --> Loss plateaued. Patience: 1/5
2026-07-16 08:38:23 - INFO - Epoch 18 finished. Avg Loss: 0.0655
2026-07-16 08:38:23 - INFO - --> Loss plateaued. Patience: 2/5
2026-07-16 08:39:53 - INFO - Epoch 19 finished. Avg Loss: 0.0639
2026-07-16 08:41:22 - INFO - Epoch 20 finished. Avg Loss: 0.0630
2026-07-16 08:41:22 - INFO - --> Loss plateaued. Patience: 1/5
2026-07-16 08:42:52 - INFO - Epoch 21 finished. Avg Loss: 0.0623
2026-07-16 08:44:22 - INFO - Epoch 22 finished. Avg Loss: 0.0614
2026-07-16 08:44:22 - INFO - --> Loss plateaued. Patience: 1/5
2026-07-16 08:45:52 - INFO - Epoch 23 finished. Avg Loss: 0.0621
2026-07-16 08:45:52 - INFO - --> Loss plateaued. Patience: 2/5
2026-07-16 08:47:22 - INFO - Epoch 24 finished. Avg Loss: 0.0614
2026-07-16 08:47:22 - INFO - --> Loss plateaued. Patience: 3/5
2026-07-16 08:48:52 - INFO - Epoch 25 finished. Avg Loss: 0.0604
2026-07-16 08:50:22 - INFO - Epoch 26 finished. Avg Loss: 0.0614
2026-07-16 08:50:22 - INFO - --> Loss plateaued. Patience: 1/5
2026-07-16 08:51:53 - INFO - Epoch 27 finished. Avg Loss: 0.0596
2026-07-16 08:51:53 - INFO - --> Loss plateaued. Patience: 2/5
2026-07-16 08:53:23 - INFO - Epoch 28 finished. Avg Loss: 0.0596
2026-07-16 08:53:23 - INFO - --> Loss plateaued. Patience: 3/5
2026-07-16 08:54:53 - INFO - Epoch 29 finished. Avg Loss: 0.0590
2026-07-16 08:56:23 - INFO - Epoch 30 finished. Avg Loss: 0.0590
2026-07-16 08:56:23 - INFO - --> Loss plateaued. Patience: 1/5
2026-07-16 08:57:53 - INFO - Epoch 31 finished. Avg Loss: 0.0582
2026-07-16 08:57:53 - INFO - --> Loss plateaued. Patience: 2/5
2026-07-16 08:59:23 - INFO - Epoch 32 finished. Avg Loss: 0.0581
2026-07-16 08:59:23 - INFO - --> Loss plateaued. Patience: 3/5
2026-07-16 09:00:53 - INFO - Epoch 33 finished. Avg Loss: 0.0575
2026-07-16 09:02:22 - INFO - Epoch 34 finished. Avg Loss: 0.0577
2026-07-16 09:02:22 - INFO - --> Loss plateaued. Patience: 1/5
2026-07-16 09:03:53 - INFO - Epoch 35 finished. Avg Loss: 0.0575
2026-07-16 09:03:53 - INFO - --> Loss plateaued. Patience: 2/5
2026-07-16 09:05:23 - INFO - Epoch 36 finished. Avg Loss: 0.0577
2026-07-16 09:05:23 - INFO - --> Loss plateaued. Patience: 3/5
2026-07-16 09:06:53 - INFO - Epoch 37 finished. Avg Loss: 0.0578
2026-07-16 09:06:53 - INFO - --> Loss plateaued. Patience: 4/5
2026-07-16 09:08:23 - INFO - Epoch 38 finished. Avg Loss: 0.0558
2026-07-16 09:09:58 - INFO - Epoch 39 finished. Avg Loss: 0.0571
2026-07-16 09:09:58 - INFO - --> Loss plateaued. Patience: 1/5
2026-07-16 09:11:27 - INFO - Epoch 40 finished. Avg Loss: 0.0570
2026-07-16 09:11:27 - INFO - --> Loss plateaued. Patience: 2/5
2026-07-16 09:12:57 - INFO - Epoch 41 finished. Avg Loss: 0.0559
2026-07-16 09:12:57 - INFO - --> Loss plateaued. Patience: 3/5
2026-07-16 09:14:27 - INFO - Epoch 42 finished. Avg Loss: 0.0556
2026-07-16 09:14:27 - INFO - --> Loss plateaued. Patience: 4/5
2026-07-16 09:15:57 - INFO - Epoch 43 finished. Avg Loss: 0.0540
2026-07-16 09:17:26 - INFO - Epoch 44 finished. Avg Loss: 0.0544
2026-07-16 09:17:26 - INFO - --> Loss plateaued. Patience: 1/5
2026-07-16 09:18:56 - INFO - Epoch 45 finished. Avg Loss: 0.0551
2026-07-16 09:18:56 - INFO - --> Loss plateaued. Patience: 2/5
2026-07-16 09:20:25 - INFO - Epoch 46 finished. Avg Loss: 0.0554
2026-07-16 09:20:25 - INFO - --> Loss plateaued. Patience: 3/5
2026-07-16 09:21:55 - INFO - Epoch 47 finished. Avg Loss: 0.0552
2026-07-16 09:21:55 - INFO - --> Loss plateaued. Patience: 4/5
2026-07-16 09:23:25 - INFO - Epoch 48 finished. Avg Loss: 0.0548
2026-07-16 09:23:25 - INFO - --> Loss plateaued. Patience: 5/5
2026-07-16 09:23:25 - INFO - Stopping early at epoch 48! Loss hasn't improved in 5 epochs.
2026-07-16 09:23:28 - INFO - Test Loss: 0.0752
2026-07-16 09:23:28 - INFO - Test Accuracy: 95.49%
2026-07-16 09:23:28 - INFO - Successfully appended execution results to results.csv
2026-07-16 21:40:52 - INFO - Network Architecture:
 SimpleNN(
  (fc1): Linear(in_features=784, out_features=18, bias=True)
  (relu): ReLU()
  (fc2): Linear(in_features=18, out_features=18, bias=True)
  (relu2): Sigmoid()
  (fc3): Linear(in_features=18, out_features=10, bias=True)
  (sigmoid): Sigmoid()
)
2026-07-16 21:42:25 - INFO - Epoch 1 finished. Avg Loss: 0.2265
2026-07-16 21:42:28 - INFO - Test Loss: 0.1198
2026-07-16 21:42:28 - INFO - Test Accuracy: 92.61%
2026-07-16 21:44:06 - INFO - Epoch 2 finished. Avg Loss: 0.1107
2026-07-16 21:44:09 - INFO - Test Loss: 0.1126
2026-07-16 21:44:09 - INFO - Test Accuracy: 93.13%
2026-07-16 21:45:48 - INFO - Epoch 3 finished. Avg Loss: 0.0987
2026-07-16 21:45:52 - INFO - Test Loss: 0.0960
2026-07-16 21:45:52 - INFO - Test Accuracy: 94.02%
2026-07-16 21:47:33 - INFO - Epoch 4 finished. Avg Loss: 0.0901
2026-07-16 21:47:37 - INFO - Test Loss: 0.0938
2026-07-16 21:47:37 - INFO - Test Accuracy: 94.27%
2026-07-16 21:49:14 - INFO - Epoch 5 finished. Avg Loss: 0.0841
2026-07-16 21:49:18 - INFO - Test Loss: 0.0847
2026-07-16 21:49:18 - INFO - Test Accuracy: 94.82%
2026-07-16 21:50:55 - INFO - Epoch 6 finished. Avg Loss: 0.0798
2026-07-16 21:50:59 - INFO - Test Loss: 0.0861
2026-07-16 21:50:59 - INFO - Test Accuracy: 94.76%
2026-07-16 21:52:36 - INFO - Epoch 7 finished. Avg Loss: 0.0769
2026-07-16 21:52:39 - INFO - Test Loss: 0.0826
2026-07-16 21:52:39 - INFO - Test Accuracy: 95.03%
2026-07-16 21:54:17 - INFO - Epoch 8 finished. Avg Loss: 0.0747
2026-07-16 21:54:21 - INFO - Test Loss: 0.0817
2026-07-16 21:54:21 - INFO - Test Accuracy: 95.13%
2026-07-16 21:55:57 - INFO - Epoch 9 finished. Avg Loss: 0.0725
2026-07-16 21:56:01 - INFO - Test Loss: 0.0799
2026-07-16 21:56:01 - INFO - Test Accuracy: 95.29%
2026-07-16 21:57:38 - INFO - Epoch 10 finished. Avg Loss: 0.0714
2026-07-16 21:57:42 - INFO - Test Loss: 0.0765
2026-07-16 21:57:42 - INFO - Test Accuracy: 95.29%
2026-07-16 21:59:18 - INFO - Epoch 11 finished. Avg Loss: 0.0690
2026-07-16 21:59:22 - INFO - Test Loss: 0.0845
2026-07-16 21:59:22 - INFO - Test Accuracy: 94.93%
2026-07-16 22:00:59 - INFO - Epoch 12 finished. Avg Loss: 0.0687
2026-07-16 22:01:03 - INFO - Test Loss: 0.0841
2026-07-16 22:01:03 - INFO - Test Accuracy: 94.92%
2026-07-16 22:01:03 - INFO - --> Loss plateaued. Patience: 1/5
2026-07-16 22:02:39 - INFO - Epoch 13 finished. Avg Loss: 0.0673
2026-07-16 22:02:43 - INFO - Test Loss: 0.0820
2026-07-16 22:02:43 - INFO - Test Accuracy: 95.20%
2026-07-16 22:04:20 - INFO - Epoch 14 finished. Avg Loss: 0.0668
2026-07-16 22:04:23 - INFO - Test Loss: 0.0797
2026-07-16 22:04:23 - INFO - Test Accuracy: 95.26%
2026-07-16 22:04:23 - INFO - --> Loss plateaued. Patience: 1/5
2026-07-16 22:06:00 - INFO - Epoch 15 finished. Avg Loss: 0.0668
2026-07-16 22:06:04 - INFO - Test Loss: 0.0770
2026-07-16 22:06:04 - INFO - Test Accuracy: 95.44%
2026-07-16 22:06:04 - INFO - --> Loss plateaued. Patience: 2/5
2026-07-16 22:07:41 - INFO - Epoch 16 finished. Avg Loss: 0.0661
2026-07-16 22:07:45 - INFO - Test Loss: 0.0817
2026-07-16 22:07:45 - INFO - Test Accuracy: 95.09%
2026-07-16 22:09:21 - INFO - Epoch 17 finished. Avg Loss: 0.0653
2026-07-16 22:09:25 - INFO - Test Loss: 0.0777
2026-07-16 22:09:25 - INFO - Test Accuracy: 95.46%
2026-07-16 22:09:25 - INFO - --> Loss plateaued. Patience: 1/5
2026-07-16 22:11:02 - INFO - Epoch 18 finished. Avg Loss: 0.0644
2026-07-16 22:11:06 - INFO - Test Loss: 0.0816
2026-07-16 22:11:06 - INFO - Test Accuracy: 95.03%
2026-07-16 22:12:41 - INFO - Epoch 19 finished. Avg Loss: 0.0640
2026-07-16 22:12:45 - INFO - Test Loss: 0.0788
2026-07-16 22:12:45 - INFO - Test Accuracy: 95.39%
2026-07-16 22:12:45 - INFO - --> Loss plateaued. Patience: 1/5
2026-07-16 22:14:22 - INFO - Epoch 20 finished. Avg Loss: 0.0630
2026-07-16 22:14:25 - INFO - Test Loss: 0.0795
2026-07-16 22:14:25 - INFO - Test Accuracy: 95.19%
2026-07-16 22:16:03 - INFO - Epoch 21 finished. Avg Loss: 0.0635
2026-07-16 22:16:07 - INFO - Test Loss: 0.0782
2026-07-16 22:16:07 - INFO - Test Accuracy: 95.43%
2026-07-16 22:16:07 - INFO - --> Loss plateaued. Patience: 1/5
2026-07-16 22:17:44 - INFO - Epoch 22 finished. Avg Loss: 0.0630
2026-07-16 22:17:47 - INFO - Test Loss: 0.0807
2026-07-16 22:17:47 - INFO - Test Accuracy: 95.14%
2026-07-16 22:17:47 - INFO - --> Loss plateaued. Patience: 2/5
2026-07-16 22:19:24 - INFO - Epoch 23 finished. Avg Loss: 0.0624
2026-07-16 22:19:28 - INFO - Test Loss: 0.0793
2026-07-16 22:19:28 - INFO - Test Accuracy: 95.31%
2026-07-16 22:19:28 - INFO - --> Loss plateaued. Patience: 3/5
2026-07-16 22:21:04 - INFO - Epoch 24 finished. Avg Loss: 0.0624
2026-07-16 22:21:08 - INFO - Test Loss: 0.0828
2026-07-16 22:21:08 - INFO - Test Accuracy: 95.00%
2026-07-16 22:21:08 - INFO - --> Loss plateaued. Patience: 4/5
2026-07-16 22:22:44 - INFO - Epoch 25 finished. Avg Loss: 0.0618
2026-07-16 22:22:48 - INFO - Test Loss: 0.0791
2026-07-16 22:22:48 - INFO - Test Accuracy: 95.25%
2026-07-16 22:24:24 - INFO - Epoch 26 finished. Avg Loss: 0.0606
2026-07-16 22:24:28 - INFO - Test Loss: 0.0804
2026-07-16 22:24:28 - INFO - Test Accuracy: 95.15%
2026-07-16 22:26:06 - INFO - Epoch 27 finished. Avg Loss: 0.0607
2026-07-16 22:26:10 - INFO - Test Loss: 0.0802
2026-07-16 22:26:10 - INFO - Test Accuracy: 95.19%
2026-07-16 22:26:10 - INFO - --> Loss plateaued. Patience: 1/5
2026-07-16 22:27:47 - INFO - Epoch 28 finished. Avg Loss: 0.0598
2026-07-16 22:27:51 - INFO - Test Loss: 0.0805
2026-07-16 22:27:51 - INFO - Test Accuracy: 95.11%
2026-07-16 22:27:51 - INFO - --> Loss plateaued. Patience: 2/5
2026-07-16 22:29:28 - INFO - Epoch 29 finished. Avg Loss: 0.0602
2026-07-16 22:29:32 - INFO - Test Loss: 0.0784
2026-07-16 22:29:32 - INFO - Test Accuracy: 95.39%
2026-07-16 22:29:32 - INFO - --> Loss plateaued. Patience: 3/5
2026-07-16 22:31:08 - INFO - Epoch 30 finished. Avg Loss: 0.0595
2026-07-16 22:31:12 - INFO - Test Loss: 0.0756
2026-07-16 22:31:12 - INFO - Test Accuracy: 95.38%
2026-07-16 22:32:49 - INFO - Epoch 31 finished. Avg Loss: 0.0603
2026-07-16 22:32:52 - INFO - Test Loss: 0.0775
2026-07-16 22:32:52 - INFO - Test Accuracy: 95.36%
2026-07-16 22:32:52 - INFO - --> Loss plateaued. Patience: 1/5
2026-07-16 22:34:29 - INFO - Epoch 32 finished. Avg Loss: 0.0591
2026-07-16 22:34:34 - INFO - Test Loss: 0.0769
2026-07-16 22:34:34 - INFO - Test Accuracy: 95.45%
2026-07-16 22:34:34 - INFO - --> Loss plateaued. Patience: 2/5
2026-07-16 22:36:10 - INFO - Epoch 33 finished. Avg Loss: 0.0589
2026-07-16 22:36:14 - INFO - Test Loss: 0.0782
2026-07-16 22:36:14 - INFO - Test Accuracy: 95.34%
2026-07-16 22:36:14 - INFO - --> Loss plateaued. Patience: 3/5
2026-07-16 22:37:50 - INFO - Epoch 34 finished. Avg Loss: 0.0593
2026-07-16 22:37:54 - INFO - Test Loss: 0.0781
2026-07-16 22:37:54 - INFO - Test Accuracy: 95.36%
2026-07-16 22:37:54 - INFO - --> Loss plateaued. Patience: 4/5
2026-07-16 22:39:28 - INFO - Epoch 35 finished. Avg Loss: 0.0592
2026-07-16 22:39:31 - INFO - Test Loss: 0.0777
2026-07-16 22:39:31 - INFO - Test Accuracy: 95.47%
2026-07-16 22:39:31 - INFO - --> Loss plateaued. Patience: 5/5
2026-07-16 22:39:31 - INFO - Stopping early at epoch 35! Loss hasn't improved in 5 epochs.
2026-07-16 22:39:31 - INFO - Successfully appended execution results to results.csv
